c:\users\c00165070\desktop\fyp sdl\fyp\fyp\debug\fyp.pch
c:\users\c00165070\desktop\fyp sdl\fyp\fyp\debug\vc120.pdb
c:\users\c00165070\desktop\fyp sdl\fyp\fyp\debug\vc120.idb
c:\users\c00165070\desktop\fyp sdl\fyp\fyp\debug\stdafx.obj
c:\users\c00165070\desktop\fyp sdl\fyp\fyp\debug\button.obj
c:\users\c00165070\desktop\fyp sdl\fyp\fyp\debug\fyp.obj
c:\users\c00165070\desktop\fyp sdl\fyp\fyp\debug\keyboardinput.obj
c:\users\c00165070\desktop\fyp sdl\fyp\fyp\debug\level.obj
c:\users\c00165070\desktop\fyp sdl\fyp\fyp\debug\menu.obj
c:\users\c00165070\desktop\fyp sdl\fyp\fyp\debug\platform.obj
c:\users\c00165070\desktop\fyp sdl\fyp\fyp\debug\platformmanager.obj
c:\users\c00165070\desktop\fyp sdl\fyp\fyp\debug\play.obj
c:\users\c00165070\desktop\fyp sdl\fyp\fyp\debug\player.obj
c:\users\c00165070\desktop\fyp sdl\fyp\fyp\debug\renderer.obj
c:\users\c00165070\desktop\fyp sdl\fyp\fyp\debug\sprite.obj
c:\users\c00165070\desktop\fyp sdl\fyp\fyp\debug\pickupmanager.obj
c:\users\c00165070\desktop\fyp sdl\fyp\fyp\debug\score.obj
c:\users\c00165070\desktop\fyp sdl\fyp\debug\fyp.pdb
c:\users\c00165070\desktop\fyp sdl\fyp\fyp\debug\fyp.tlog\cl.command.1.tlog
c:\users\c00165070\desktop\fyp sdl\fyp\fyp\debug\fyp.tlog\cl.read.1.tlog
c:\users\c00165070\desktop\fyp sdl\fyp\fyp\debug\fyp.tlog\cl.write.1.tlog
c:\users\c00165070\desktop\fyp sdl\fyp\fyp\debug\fyp.tlog\link-cvtres.read.1.tlog
c:\users\c00165070\desktop\fyp sdl\fyp\fyp\debug\fyp.tlog\link-cvtres.write.1.tlog
c:\users\c00165070\desktop\fyp sdl\fyp\fyp\debug\fyp.tlog\link-rc.read.1.tlog
c:\users\c00165070\desktop\fyp sdl\fyp\fyp\debug\fyp.tlog\link-rc.write.1.tlog
c:\users\c00165070\desktop\fyp sdl\fyp\fyp\debug\fyp.tlog\link.6032-cvtres.read.1.tlog
c:\users\c00165070\desktop\fyp sdl\fyp\fyp\debug\fyp.tlog\link.6032-cvtres.write.1.tlog
c:\users\c00165070\desktop\fyp sdl\fyp\fyp\debug\fyp.tlog\link.6032-rc.read.1.tlog
c:\users\c00165070\desktop\fyp sdl\fyp\fyp\debug\fyp.tlog\link.6032-rc.write.1.tlog
c:\users\c00165070\desktop\fyp sdl\fyp\fyp\debug\fyp.tlog\link.6032.read.1.tlog
c:\users\c00165070\desktop\fyp sdl\fyp\fyp\debug\fyp.tlog\link.6032.write.1.tlog
c:\users\c00165070\desktop\fyp sdl\fyp\fyp\debug\fyp.tlog\link.command.1.tlog
c:\users\c00165070\desktop\fyp sdl\fyp\fyp\debug\fyp.tlog\link.read.1.tlog
c:\users\c00165070\desktop\fyp sdl\fyp\fyp\debug\fyp.tlog\link.write.1.tlog
