Build started 06/11/2015 16:54:01.
     1>Project "C:\Users\Windows 8\Desktop\FYP No Animation\FYP\FYP.vcxproj" on node 2 (Build target(s)).
     1>ClCompile:
         C:\Program Files (x86)\Microsoft Visual Studio 12.0\VC\bin\CL.exe /c /I"C:\SFML-2.3.2\include" /ZI /nologo /W3 /WX- /sdl /Od /Oy- /D WIN32 /D _DEBUG /D _CONSOLE /D _LIB /D _UNICODE /D UNICODE /Gm /EHsc /RTC1 /MDd /GS /fp:precise /Zc:wchar_t /Zc:forScope /Yu"stdafx.h" /Fp"Debug\FYP.pch" /Fo"Debug\\" /Fd"Debug\vc120.pdb" /Gd /TP /analyze- /errorReport:prompt Player.cpp
         Player.cpp
     1>c:\users\windows 8\desktop\fyp no animation\fyp\player.cpp(48): warning C4305: 'argument' : truncation from 'double' to 'float'
       Link:
         C:\Program Files (x86)\Microsoft Visual Studio 12.0\VC\bin\link.exe /ERRORREPORT:PROMPT /OUT:"C:\Users\Windows 8\Desktop\FYP No Animation\Debug\FYP.exe" /INCREMENTAL /NOLOGO /LIBPATH:"C:\SFML-2.3.2\lib" kernel32.lib user32.lib gdi32.lib winspool.lib comdlg32.lib advapi32.lib shell32.lib ole32.lib oleaut32.lib uuid.lib odbc32.lib odbccp32.lib /MANIFEST /MANIFESTUAC:"level='asInvoker' uiAccess='false'" /manifest:embed /DEBUG /PDB:"C:\Users\Windows 8\Desktop\FYP No Animation\Debug\FYP.pdb" /SUBSYSTEM:CONSOLE /TLBID:1 /DYNAMICBASE /NXCOMPAT /IMPLIB:"C:\Users\Windows 8\Desktop\FYP No Animation\Debug\FYP.lib" /MACHINE:X86 Debug\AnimatedSprite.obj
         Debug\Animation.obj
         Debug\CollisionManager.obj
         Debug\Game.obj
         Debug\Level.obj
         Debug\LevelManager.obj
         Debug\Menu.obj
         Debug\PickupManager.obj
         Debug\Platform.obj
         Debug\PlatformManager.obj
         Debug\Player.obj
         Debug\Score.obj
         Debug\Score2.obj
         Debug\stdafx.obj
         FYP.vcxproj -> C:\Users\Windows 8\Desktop\FYP No Animation\Debug\FYP.exe
     1>Done Building Project "C:\Users\Windows 8\Desktop\FYP No Animation\FYP\FYP.vcxproj" (Build target(s)).

Build succeeded.

Time Elapsed 00:00:02.42
