c:\users\windows 8\documents\desktop\new master\fyp\lab6\debug\vc120.pdb
c:\users\windows 8\documents\desktop\new master\fyp\lab6\debug\vc120.idb
c:\users\windows 8\documents\desktop\new master\fyp\lab6\debug\options.obj
c:\users\windows 8\documents\desktop\new master\fyp\lab6\debug\pickupmanager.obj
c:\users\windows 8\documents\desktop\new master\fyp\lab6\debug\platform.obj
c:\users\windows 8\documents\desktop\new master\fyp\lab6\debug\platformmanager.obj
c:\users\windows 8\documents\desktop\new master\fyp\lab6\debug\play.obj
c:\users\windows 8\documents\desktop\new master\fyp\lab6\debug\player.obj
c:\users\windows 8\documents\desktop\new master\fyp\lab6\debug\renderer.obj
c:\users\windows 8\documents\desktop\new master\fyp\lab6\debug\robot.obj
c:\users\windows 8\documents\desktop\new master\fyp\lab6\debug\robotbullet.obj
c:\users\windows 8\documents\desktop\new master\fyp\lab6\debug\score.obj
c:\users\windows 8\documents\desktop\new master\fyp\lab6\debug\soundmanager.obj
c:\users\windows 8\documents\desktop\new master\fyp\lab6\debug\splash.obj
c:\users\windows 8\documents\desktop\new master\fyp\lab6\debug\sprite.obj
c:\users\windows 8\documents\desktop\new master\fyp\lab6\debug\stdafx.obj
c:\users\windows 8\documents\desktop\new master\fyp\lab6\debug\teleporter.obj
c:\users\windows 8\documents\desktop\new master\fyp\lab6\debug\text.obj
c:\users\windows 8\documents\desktop\new master\fyp\lab6\debug\timer.obj
c:\users\windows 8\documents\desktop\new master\fyp\lab6\debug\tutorial.obj
c:\users\windows 8\documents\desktop\new master\fyp\lab6\debug\wall.obj
c:\users\windows 8\documents\desktop\new master\fyp\lab6\debug\wallmanager.obj
c:\users\windows 8\documents\desktop\new master\fyp\lab6\debug\button.obj
c:\users\windows 8\documents\desktop\new master\fyp\lab6\debug\electricbarrier.obj
c:\users\windows 8\documents\desktop\new master\fyp\lab6\debug\electricswitch.obj
c:\users\windows 8\documents\desktop\new master\fyp\lab6\debug\enemymanager.obj
c:\users\windows 8\documents\desktop\new master\fyp\lab6\debug\enternamescreen.obj
c:\users\windows 8\documents\desktop\new master\fyp\lab6\debug\gameover.obj
c:\users\windows 8\documents\desktop\new master\fyp\lab6\debug\grunt.obj
c:\users\windows 8\documents\desktop\new master\fyp\lab6\debug\gruntbullet.obj
c:\users\windows 8\documents\desktop\new master\fyp\lab6\debug\health.obj
c:\users\windows 8\documents\desktop\new master\fyp\lab6\debug\healthbar.obj
c:\users\windows 8\documents\desktop\new master\fyp\lab6\debug\highscorescreen.obj
c:\users\windows 8\documents\desktop\new master\fyp\lab6\debug\ingamemenu.obj
c:\users\windows 8\documents\desktop\new master\fyp\lab6\debug\keyboardinput.obj
c:\users\windows 8\documents\desktop\new master\fyp\lab6\debug\level.obj
c:\users\windows 8\documents\desktop\new master\fyp\lab6\debug\machinegun.obj
c:\users\windows 8\documents\desktop\new master\fyp\lab6\debug\main.obj
c:\users\windows 8\documents\desktop\new master\fyp\lab6\debug\menu.obj
c:\users\windows 8\documents\desktop\new master\fyp\lab6\debug\mine.obj
c:\users\windows 8\documents\desktop\new master\fyp\lab6\debug\movingplatform.obj
c:\users\windows 8\documents\desktop\new master\fyp\lab6\debug\obstaclemanager.obj
c:\users\windows 8\documents\desktop\new master\fyp\lab6\debug\ammo.obj
c:\users\windows 8\documents\desktop\new master\fyp\lab6\debug\bullet.obj
c:\users\windows 8\desktop\raycasting\fyp\lab6\debug\vc120.pdb
c:\users\windows 8\desktop\raycasting\fyp\lab6\debug\vc120.idb
c:\users\windows 8\desktop\raycasting\fyp\lab6\debug\pickupmanager.obj
c:\users\windows 8\desktop\raycasting\fyp\lab6\debug\platform.obj
c:\users\windows 8\desktop\raycasting\fyp\lab6\debug\platformmanager.obj
c:\users\windows 8\desktop\raycasting\fyp\lab6\debug\play.obj
c:\users\windows 8\desktop\raycasting\fyp\lab6\debug\player.obj
c:\users\windows 8\desktop\raycasting\fyp\lab6\debug\raycast.obj
c:\users\windows 8\desktop\raycasting\fyp\lab6\debug\renderer.obj
c:\users\windows 8\desktop\raycasting\fyp\lab6\debug\robot.obj
c:\users\windows 8\desktop\raycasting\fyp\lab6\debug\robotbullet.obj
c:\users\windows 8\desktop\raycasting\fyp\lab6\debug\score.obj
c:\users\windows 8\desktop\raycasting\fyp\lab6\debug\soundmanager.obj
c:\users\windows 8\desktop\raycasting\fyp\lab6\debug\splash.obj
c:\users\windows 8\desktop\raycasting\fyp\lab6\debug\sprite.obj
c:\users\windows 8\desktop\raycasting\fyp\lab6\debug\stdafx.obj
c:\users\windows 8\desktop\raycasting\fyp\lab6\debug\teleporter.obj
c:\users\windows 8\desktop\raycasting\fyp\lab6\debug\text.obj
c:\users\windows 8\desktop\raycasting\fyp\lab6\debug\timer.obj
c:\users\windows 8\desktop\raycasting\fyp\lab6\debug\tutorial.obj
c:\users\windows 8\desktop\raycasting\fyp\lab6\debug\wall.obj
c:\users\windows 8\desktop\raycasting\fyp\lab6\debug\wallmanager.obj
c:\users\windows 8\desktop\raycasting\fyp\lab6\debug\electricswitch.obj
c:\users\windows 8\desktop\raycasting\fyp\lab6\debug\enemymanager.obj
c:\users\windows 8\desktop\raycasting\fyp\lab6\debug\enternamescreen.obj
c:\users\windows 8\desktop\raycasting\fyp\lab6\debug\gameover.obj
c:\users\windows 8\desktop\raycasting\fyp\lab6\debug\gamewon.obj
c:\users\windows 8\desktop\raycasting\fyp\lab6\debug\grunt.obj
c:\users\windows 8\desktop\raycasting\fyp\lab6\debug\gruntbullet.obj
c:\users\windows 8\desktop\raycasting\fyp\lab6\debug\health.obj
c:\users\windows 8\desktop\raycasting\fyp\lab6\debug\healthbar.obj
c:\users\windows 8\desktop\raycasting\fyp\lab6\debug\highscorescreen.obj
c:\users\windows 8\desktop\raycasting\fyp\lab6\debug\ingamemenu.obj
c:\users\windows 8\desktop\raycasting\fyp\lab6\debug\keyboardinput.obj
c:\users\windows 8\desktop\raycasting\fyp\lab6\debug\level.obj
c:\users\windows 8\desktop\raycasting\fyp\lab6\debug\machinegun.obj
c:\users\windows 8\desktop\raycasting\fyp\lab6\debug\main.obj
c:\users\windows 8\desktop\raycasting\fyp\lab6\debug\menu.obj
c:\users\windows 8\desktop\raycasting\fyp\lab6\debug\mine.obj
c:\users\windows 8\desktop\raycasting\fyp\lab6\debug\movingplatform.obj
c:\users\windows 8\desktop\raycasting\fyp\lab6\debug\obstaclemanager.obj
c:\users\windows 8\desktop\raycasting\fyp\lab6\debug\options.obj
c:\users\windows 8\desktop\raycasting\fyp\lab6\debug\ammo.obj
c:\users\windows 8\desktop\raycasting\fyp\lab6\debug\bullet.obj
c:\users\windows 8\desktop\raycasting\fyp\lab6\debug\button.obj
c:\users\windows 8\desktop\raycasting\fyp\lab6\debug\electricbarrier.obj
c:\users\windows 8\desktop\master\lab6\debug\vc120.pdb
c:\users\windows 8\desktop\master\lab6\debug\vc120.idb
c:\users\windows 8\desktop\master\lab6\debug\pickupmanager.obj
c:\users\windows 8\desktop\master\lab6\debug\platform.obj
c:\users\windows 8\desktop\master\lab6\debug\platformmanager.obj
c:\users\windows 8\desktop\master\lab6\debug\play.obj
c:\users\windows 8\desktop\master\lab6\debug\player.obj
c:\users\windows 8\desktop\master\lab6\debug\raycast.obj
c:\users\windows 8\desktop\master\lab6\debug\renderer.obj
c:\users\windows 8\desktop\master\lab6\debug\robot.obj
c:\users\windows 8\desktop\master\lab6\debug\robotbullet.obj
c:\users\windows 8\desktop\master\lab6\debug\score.obj
c:\users\windows 8\desktop\master\lab6\debug\soundmanager.obj
c:\users\windows 8\desktop\master\lab6\debug\splash.obj
c:\users\windows 8\desktop\master\lab6\debug\sprite.obj
c:\users\windows 8\desktop\master\lab6\debug\stdafx.obj
c:\users\windows 8\desktop\master\lab6\debug\teleporter.obj
c:\users\windows 8\desktop\master\lab6\debug\text.obj
c:\users\windows 8\desktop\master\lab6\debug\timer.obj
c:\users\windows 8\desktop\master\lab6\debug\tutorial.obj
c:\users\windows 8\desktop\master\lab6\debug\wall.obj
c:\users\windows 8\desktop\master\lab6\debug\wallmanager.obj
c:\users\windows 8\desktop\master\lab6\debug\electricswitch.obj
c:\users\windows 8\desktop\master\lab6\debug\enemymanager.obj
c:\users\windows 8\desktop\master\lab6\debug\enternamescreen.obj
c:\users\windows 8\desktop\master\lab6\debug\gameover.obj
c:\users\windows 8\desktop\master\lab6\debug\gamewon.obj
c:\users\windows 8\desktop\master\lab6\debug\grunt.obj
c:\users\windows 8\desktop\master\lab6\debug\gruntbullet.obj
c:\users\windows 8\desktop\master\lab6\debug\health.obj
c:\users\windows 8\desktop\master\lab6\debug\healthbar.obj
c:\users\windows 8\desktop\master\lab6\debug\highscorescreen.obj
c:\users\windows 8\desktop\master\lab6\debug\ingamemenu.obj
c:\users\windows 8\desktop\master\lab6\debug\keyboardinput.obj
c:\users\windows 8\desktop\master\lab6\debug\level.obj
c:\users\windows 8\desktop\master\lab6\debug\machinegun.obj
c:\users\windows 8\desktop\master\lab6\debug\main.obj
c:\users\windows 8\desktop\master\lab6\debug\menu.obj
c:\users\windows 8\desktop\master\lab6\debug\mine.obj
c:\users\windows 8\desktop\master\lab6\debug\movingplatform.obj
c:\users\windows 8\desktop\master\lab6\debug\obstaclemanager.obj
c:\users\windows 8\desktop\master\lab6\debug\options.obj
c:\users\windows 8\desktop\master\lab6\debug\ammo.obj
c:\users\windows 8\desktop\master\lab6\debug\bullet.obj
c:\users\windows 8\desktop\master\lab6\debug\button.obj
c:\users\windows 8\desktop\master\lab6\debug\electricbarrier.obj
c:\users\windows 8\documents\desktop\new master\fyp\debug\lab6.ilk
c:\users\windows 8\documents\desktop\new master\fyp\debug\lab6.exe
c:\users\windows 8\documents\desktop\new master\fyp\debug\lab6.pdb
c:\users\windows 8\desktop\raycasting\fyp\debug\lab6.ilk
c:\users\windows 8\desktop\raycasting\fyp\debug\lab6.exe
c:\users\windows 8\desktop\raycasting\fyp\debug\lab6.pdb
c:\users\windows 8\desktop\master\debug\lab6.ilk
c:\users\windows 8\desktop\master\debug\lab6.exe
c:\users\windows 8\desktop\master\debug\lab6.pdb
c:\users\windows 8\desktop\master\lab6\debug\instructions.obj
c:\users\windows 8\desktop\master\lab6\debug\soundmanager2.obj
c:\users\windows 8\desktop\master\lab6\debug\lab6.tlog\cl.command.1.tlog
c:\users\windows 8\desktop\master\lab6\debug\lab6.tlog\cl.read.1.tlog
c:\users\windows 8\desktop\master\lab6\debug\lab6.tlog\cl.write.1.tlog
c:\users\windows 8\desktop\master\lab6\debug\lab6.tlog\link.command.1.tlog
c:\users\windows 8\desktop\master\lab6\debug\lab6.tlog\link.read.1.tlog
c:\users\windows 8\desktop\master\lab6\debug\lab6.tlog\link.write.1.tlog
