Build started 01/04/2016 18:22:32.
     1>Project "C:\Users\Windows 8\Desktop\master\FYP\Lab6\Lab6.vcxproj" on node 2 (Build target(s)).
     1>ClCompile:
         C:\Program Files (x86)\Microsoft Visual Studio 12.0\VC\bin\CL.exe /c /I./ /ZI /nologo /W3 /WX- /sdl /Od /Oy- /D CURL_STATICLIB /D _MBCS /Gm /EHsc /RTC1 /MDd /GS /fp:precise /Zc:wchar_t /Zc:forScope /Fo"Debug\\" /Fd"Debug\vc120.pdb" /Gd /TP /analyze- /errorReport:prompt ElectricBarrier.cpp ElectricSwitch.cpp GameOver.cpp Health.cpp InGameMenu.cpp Instructions.cpp Level.cpp MachineGun.cpp Menu.cpp Mine.cpp ObstacleManager.cpp Options.cpp PickupManager.cpp Play.cpp Player.cpp Score.cpp SoundManager.cpp Wall.cpp WallManager.cpp main.cpp
         main.cpp
     1>c:\users\windows 8\desktop\master\fyp\lab6\button.h(26): warning C4091: 'static ' : ignored on left of 'Button' when no variable is declared
     1>c:\users\windows 8\desktop\master\fyp\lab6\level.h(9): warning C4067: unexpected tokens following preprocessor directive - expected a newline
     1>c:\users\windows 8\desktop\master\fyp\lab6\main.cpp(41): warning C4244: 'argument' : conversion from 'time_t' to 'unsigned int', possible loss of data
         WallManager.cpp
         Wall.cpp
     1>c:\users\windows 8\desktop\master\fyp\lab6\wall.cpp(13): warning C4244: 'argument' : conversion from 'int' to 'float32', possible loss of data
     1>c:\users\windows 8\desktop\master\fyp\lab6\wall.cpp(18): warning C4244: 'argument' : conversion from 'int' to 'float32', possible loss of data
         SoundManager.cpp
         Score.cpp
     1>c:\users\windows 8\desktop\master\fyp\lab6\score.cpp(11): warning C4244: 'argument' : conversion from 'int' to 'float32', possible loss of data
     1>c:\users\windows 8\desktop\master\fyp\lab6\score.cpp(16): warning C4244: 'argument' : conversion from 'int' to 'float32', possible loss of data
         Player.cpp
     1>c:\users\windows 8\desktop\master\fyp\lab6\player.cpp(18): warning C4244: 'argument' : conversion from 'int' to 'float32', possible loss of data
     1>c:\users\windows 8\desktop\master\fyp\lab6\player.cpp(21): warning C4244: 'argument' : conversion from 'int' to 'float32', possible loss of data
     1>c:\users\windows 8\desktop\master\fyp\lab6\player.cpp(84): warning C4244: 'initializing' : conversion from 'float' to 'int', possible loss of data
     1>c:\users\windows 8\desktop\master\fyp\lab6\player.cpp(82): warning C4101: 'bloodRect' : unreferenced local variable
     1>c:\users\windows 8\desktop\master\fyp\lab6\player.cpp(248): warning C4244: '=' : conversion from 'const float32' to 'int', possible loss of data
     1>c:\users\windows 8\desktop\master\fyp\lab6\player.cpp(249): warning C4244: '=' : conversion from 'const float32' to 'int', possible loss of data
     1>c:\users\windows 8\desktop\master\fyp\lab6\player.cpp(417): warning C4244: 'argument' : conversion from 'int' to 'float32', possible loss of data
     1>c:\users\windows 8\desktop\master\fyp\lab6\player.cpp(452): warning C4244: 'argument' : conversion from 'int' to 'float32', possible loss of data
     1>c:\users\windows 8\desktop\master\fyp\lab6\player.cpp(506): warning C4244: 'argument' : conversion from 'int' to 'float32', possible loss of data
     1>c:\users\windows 8\desktop\master\fyp\lab6\player.cpp(534): warning C4244: 'initializing' : conversion from 'float' to 'int', possible loss of data
     1>c:\users\windows 8\desktop\master\fyp\lab6\player.cpp(536): warning C4244: 'initializing' : conversion from 'float' to 'int', possible loss of data
     1>c:\users\windows 8\desktop\master\fyp\lab6\player.cpp(547): warning C4244: 'argument' : conversion from 'int' to 'float32', possible loss of data
     1>c:\users\windows 8\desktop\master\fyp\lab6\player.cpp(563): warning C4244: 'argument' : conversion from 'int' to 'float32', possible loss of data
     1>c:\users\windows 8\desktop\master\fyp\lab6\player.cpp(573): warning C4244: 'argument' : conversion from 'int' to 'float32', possible loss of data
         Play.cpp
     1>c:\users\windows 8\desktop\master\fyp\lab6\level.h(9): warning C4067: unexpected tokens following preprocessor directive - expected a newline
     1>c:\users\windows 8\desktop\master\fyp\lab6\button.h(26): warning C4091: 'static ' : ignored on left of 'Button' when no variable is declared
     1>c:\users\windows 8\desktop\master\fyp\lab6\play.cpp(27): warning C4244: 'initializing' : conversion from 'float' to 'int', possible loss of data
     1>c:\users\windows 8\desktop\master\fyp\lab6\play.cpp(341): warning C4244: 'argument' : conversion from 'const float32' to 'int', possible loss of data
         PickupManager.cpp
         Options.cpp
     1>c:\users\windows 8\desktop\master\fyp\lab6\button.h(26): warning C4091: 'static ' : ignored on left of 'Button' when no variable is declared
     1>c:\users\windows 8\desktop\master\fyp\lab6\options.cpp(19): warning C4244: 'initializing' : conversion from 'float' to 'int', possible loss of data
     1>c:\users\windows 8\desktop\master\fyp\lab6\options.cpp(29): warning C4244: 'initializing' : conversion from 'float' to 'int', possible loss of data
     1>c:\users\windows 8\desktop\master\fyp\lab6\options.cpp(39): warning C4244: 'initializing' : conversion from 'float' to 'int', possible loss of data
     1>c:\users\windows 8\desktop\master\fyp\lab6\options.cpp(49): warning C4244: 'initializing' : conversion from 'float' to 'int', possible loss of data
     1>c:\users\windows 8\desktop\master\fyp\lab6\options.cpp(59): warning C4244: 'initializing' : conversion from 'float' to 'int', possible loss of data
     1>c:\users\windows 8\desktop\master\fyp\lab6\options.cpp(142): warning C4244: 'argument' : conversion from 'float' to 'int', possible loss of data
         ObstacleManager.cpp
         Mine.cpp
     1>c:\users\windows 8\desktop\master\fyp\lab6\mine.cpp(13): warning C4244: 'argument' : conversion from 'int' to 'float32', possible loss of data
     1>c:\users\windows 8\desktop\master\fyp\lab6\mine.cpp(18): warning C4244: 'argument' : conversion from 'int' to 'float32', possible loss of data
         Menu.cpp
     1>c:\users\windows 8\desktop\master\fyp\lab6\button.h(26): warning C4091: 'static ' : ignored on left of 'Button' when no variable is declared
     1>c:\users\windows 8\desktop\master\fyp\lab6\menu.cpp(17): warning C4244: 'initializing' : conversion from 'float' to 'int', possible loss of data
     1>c:\users\windows 8\desktop\master\fyp\lab6\menu.cpp(25): warning C4244: 'initializing' : conversion from 'float' to 'int', possible loss of data
     1>c:\users\windows 8\desktop\master\fyp\lab6\menu.cpp(33): warning C4244: 'initializing' : conversion from 'float' to 'int', possible loss of data
         MachineGun.cpp
     1>c:\users\windows 8\desktop\master\fyp\lab6\machinegun.cpp(14): warning C4244: 'argument' : conversion from 'int' to 'float32', possible loss of data
     1>c:\users\windows 8\desktop\master\fyp\lab6\machinegun.cpp(19): warning C4244: 'argument' : conversion from 'int' to 'float32', possible loss of data
         Level.cpp
     1>c:\users\windows 8\desktop\master\fyp\lab6\level.h(9): warning C4067: unexpected tokens following preprocessor directive - expected a newline
         Instructions.cpp
         InGameMenu.cpp
     1>c:\users\windows 8\desktop\master\fyp\lab6\button.h(26): warning C4091: 'static ' : ignored on left of 'Button' when no variable is declared
     1>c:\users\windows 8\desktop\master\fyp\lab6\ingamemenu.cpp(156): warning C4244: 'initializing' : conversion from 'float' to 'int', possible loss of data
     1>c:\users\windows 8\desktop\master\fyp\lab6\ingamemenu.cpp(166): warning C4244: 'initializing' : conversion from 'float' to 'int', possible loss of data
     1>c:\users\windows 8\desktop\master\fyp\lab6\ingamemenu.cpp(167): warning C4244: 'initializing' : conversion from 'float' to 'int', possible loss of data
     1>c:\users\windows 8\desktop\master\fyp\lab6\ingamemenu.cpp(169): warning C4244: 'initializing' : conversion from 'float' to 'int', possible loss of data
     1>c:\users\windows 8\desktop\master\fyp\lab6\ingamemenu.cpp(170): warning C4244: 'initializing' : conversion from 'float' to 'int', possible loss of data
     1>c:\users\windows 8\desktop\master\fyp\lab6\ingamemenu.cpp(182): warning C4244: 'initializing' : conversion from 'float' to 'int', possible loss of data
     1>c:\users\windows 8\desktop\master\fyp\lab6\ingamemenu.cpp(199): warning C4244: 'initializing' : conversion from 'float' to 'int', possible loss of data
     1>c:\users\windows 8\desktop\master\fyp\lab6\ingamemenu.cpp(206): warning C4244: 'initializing' : conversion from 'float' to 'int', possible loss of data
     1>c:\users\windows 8\desktop\master\fyp\lab6\ingamemenu.cpp(207): warning C4244: 'initializing' : conversion from 'float' to 'int', possible loss of data
     1>c:\users\windows 8\desktop\master\fyp\lab6\ingamemenu.cpp(209): warning C4244: 'initializing' : conversion from 'float' to 'int', possible loss of data
     1>c:\users\windows 8\desktop\master\fyp\lab6\ingamemenu.cpp(210): warning C4244: 'initializing' : conversion from 'float' to 'int', possible loss of data
     1>c:\users\windows 8\desktop\master\fyp\lab6\ingamemenu.cpp(221): warning C4244: 'initializing' : conversion from 'float' to 'int', possible loss of data
     1>c:\users\windows 8\desktop\master\fyp\lab6\ingamemenu.cpp(230): warning C4244: 'initializing' : conversion from 'float' to 'int', possible loss of data
     1>c:\users\windows 8\desktop\master\fyp\lab6\ingamemenu.cpp(237): warning C4244: 'initializing' : conversion from 'float' to 'int', possible loss of data
     1>c:\users\windows 8\desktop\master\fyp\lab6\ingamemenu.cpp(238): warning C4244: 'initializing' : conversion from 'float' to 'int', possible loss of data
     1>c:\users\windows 8\desktop\master\fyp\lab6\ingamemenu.cpp(240): warning C4244: 'initializing' : conversion from 'float' to 'int', possible loss of data
     1>c:\users\windows 8\desktop\master\fyp\lab6\ingamemenu.cpp(241): warning C4244: 'initializing' : conversion from 'float' to 'int', possible loss of data
     1>c:\users\windows 8\desktop\master\fyp\lab6\ingamemenu.cpp(252): warning C4244: 'initializing' : conversion from 'float' to 'int', possible loss of data
     1>c:\users\windows 8\desktop\master\fyp\lab6\ingamemenu.cpp(261): warning C4244: 'initializing' : conversion from 'float' to 'int', possible loss of data
     1>c:\users\windows 8\desktop\master\fyp\lab6\ingamemenu.cpp(268): warning C4244: 'initializing' : conversion from 'float' to 'int', possible loss of data
     1>c:\users\windows 8\desktop\master\fyp\lab6\ingamemenu.cpp(269): warning C4244: 'initializing' : conversion from 'float' to 'int', possible loss of data
     1>c:\users\windows 8\desktop\master\fyp\lab6\ingamemenu.cpp(271): warning C4244: 'initializing' : conversion from 'float' to 'int', possible loss of data
     1>c:\users\windows 8\desktop\master\fyp\lab6\ingamemenu.cpp(272): warning C4244: 'initializing' : conversion from 'float' to 'int', possible loss of data
     1>c:\users\windows 8\desktop\master\fyp\lab6\ingamemenu.cpp(283): warning C4244: 'initializing' : conversion from 'float' to 'int', possible loss of data
     1>c:\users\windows 8\desktop\master\fyp\lab6\ingamemenu.cpp(302): warning C4244: 'initializing' : conversion from 'float' to 'int', possible loss of data
     1>c:\users\windows 8\desktop\master\fyp\lab6\ingamemenu.cpp(303): warning C4244: 'initializing' : conversion from 'float' to 'int', possible loss of data
     1>c:\users\windows 8\desktop\master\fyp\lab6\ingamemenu.cpp(311): warning C4244: 'initializing' : conversion from 'float' to 'int', possible loss of data
     1>c:\users\windows 8\desktop\master\fyp\lab6\ingamemenu.cpp(329): warning C4244: 'initializing' : conversion from 'float' to 'int', possible loss of data
     1>c:\users\windows 8\desktop\master\fyp\lab6\ingamemenu.cpp(342): warning C4244: 'initializing' : conversion from 'float' to 'int', possible loss of data
     1>c:\users\windows 8\desktop\master\fyp\lab6\ingamemenu.cpp(343): warning C4244: 'initializing' : conversion from 'float' to 'int', possible loss of data
         Health.cpp
     1>c:\users\windows 8\desktop\master\fyp\lab6\health.cpp(13): warning C4244: 'argument' : conversion from 'int' to 'float32', possible loss of data
     1>c:\users\windows 8\desktop\master\fyp\lab6\health.cpp(18): warning C4244: 'argument' : conversion from 'int' to 'float32', possible loss of data
         GameOver.cpp
         ElectricSwitch.cpp
     1>c:\users\windows 8\desktop\master\fyp\lab6\electricswitch.cpp(14): warning C4244: 'argument' : conversion from 'int' to 'float32', possible loss of data
     1>c:\users\windows 8\desktop\master\fyp\lab6\electricswitch.cpp(19): warning C4244: 'argument' : conversion from 'int' to 'float32', possible loss of data
         ElectricBarrier.cpp
     1>c:\users\windows 8\desktop\master\fyp\lab6\electricbarrier.cpp(11): warning C4244: 'argument' : conversion from 'int' to 'float32', possible loss of data
     1>c:\users\windows 8\desktop\master\fyp\lab6\electricbarrier.cpp(16): warning C4244: 'argument' : conversion from 'int' to 'float32', possible loss of data
         Generating Code...
       Link:
         C:\Program Files (x86)\Microsoft Visual Studio 12.0\VC\bin\link.exe /ERRORREPORT:PROMPT /OUT:"C:\Users\Windows 8\Desktop\master\FYP\Debug\Lab6.exe" /INCREMENTAL /NOLOGO /LIBPATH:./lib Box2D.lib SDL2main.lib SDL2_image.lib SDL2_mixer.lib SDL2.lib SDL2_ttf.lib kernel32.lib user32.lib gdi32.lib winspool.lib comdlg32.lib advapi32.lib shell32.lib ole32.lib oleaut32.lib uuid.lib odbc32.lib odbccp32.lib libcurl.lib kernel32.lib user32.lib gdi32.lib winspool.lib comdlg32.lib advapi32.lib shell32.lib ole32.lib oleaut32.lib uuid.lib odbc32.lib odbccp32.lib /MANIFEST /MANIFESTUAC:"level='asInvoker' uiAccess='false'" /manifest:embed /DEBUG /PDB:"C:\Users\Windows 8\Desktop\master\FYP\Debug\Lab6.pdb" /SUBSYSTEM:CONSOLE /TLBID:1 /DYNAMICBASE /NXCOMPAT /IMPLIB:"C:\Users\Windows 8\Desktop\master\FYP\Debug\Lab6.lib" /MACHINE:X86 Debug\Bullet.obj
         Debug\Button.obj
         Debug\ElectricBarrier.obj
         Debug\ElectricSwitch.obj
         Debug\EnemyManager.obj
         Debug\EnterNameScreen.obj
         Debug\GameOver.obj
         Debug\Grunt.obj
         Debug\GruntBullet.obj
         Debug\Health.obj
         Debug\HealthBar.obj
         Debug\HighScoreScreen.obj
         Debug\InGameMenu.obj
         Debug\Instructions.obj
         Debug\KeyBoardInput.obj
         Debug\Level.obj
         Debug\MachineGun.obj
         Debug\main.obj
         Debug\Menu.obj
         Debug\Mine.obj
         Debug\MovingPlatform.obj
         Debug\ObstacleManager.obj
         Debug\Options.obj
         Debug\PickupManager.obj
         Debug\Platform.obj
         Debug\PlatformManager.obj
         Debug\Play.obj
         Debug\Player.obj
         Debug\Renderer.obj
         Debug\Score.obj
         Debug\SoundManager.obj
         Debug\Splash.obj
         Debug\Sprite.obj
         Debug\stdafx.obj
         Debug\Teleporter.obj
         Debug\Text.obj
         Debug\Timer.obj
         Debug\Wall.obj
         Debug\WallManager.obj
         Lab6.vcxproj -> C:\Users\Windows 8\Desktop\master\FYP\Debug\Lab6.exe
     1>Done Building Project "C:\Users\Windows 8\Desktop\master\FYP\Lab6\Lab6.vcxproj" (Build target(s)).

Build succeeded.

Time Elapsed 00:00:47.80
